<?xml version="1.0" encoding="UTF-8"?>
<robot generator="Robot 6.1 (Python 3.11.4 on win32)" generated="20230724 13:45:45.433" rpa="false" schemaversion="4">
<suite id="s1" name="Tests" source="C:\Users\monsh\PycharmProjects\gitlab\occazio_automation_app\Tests">
<suite id="s1-s1" name="occazioScripts" source="C:\Users\monsh\PycharmProjects\gitlab\occazio_automation_app\Tests\occazioScripts.robot">
<test id="s1-s1-t1" name="Onboarding" line="6">
<kw name="Run Keyword If" library="BuiltIn" type="SETUP">
<arg>'${env}'=='LOCAL'</arg>
<arg>Launch App</arg>
<arg>ELSE IF</arg>
<arg>'${env}'=='BROWSERSTACK'</arg>
<arg>Launch App Browserstack</arg>
<arg>ELSE IF</arg>
<arg>'${env}'=='BROWSERSTACK_PARALLEL'</arg>
<arg>Launch App Browserstack In Parallel</arg>
<arg>ELSE</arg>
<arg>Log</arg>
<arg>Launch TestSetup Failed</arg>
<doc>Runs the given keyword with the given arguments, if ``condition`` is true.</doc>
<kw name="Launch App Browserstack In Parallel" library="base">
<doc>Lancer App dans BrowserStack sur plusieurs devices en parallèle</doc>
<kw name="Open Application" library="AppiumLibrary">
<arg>${REMOTE_URL}</arg>
<arg>automationName=${ANDROID_AUTOMATION_NAME}</arg>
<arg>platformName=${ANDROID_PLATFORM_NAME}</arg>
<arg>deviceName=${bs_device}</arg>
<arg>app=${ANDROID_APP_BROWSERSTACK}</arg>
<arg>build=RobotFramework</arg>
<doc>Opens a new application to given Appium server.
Capabilities of appium server, Android and iOS,
Please check https://github.com/appium/appium/blob/master/docs/en/writing-running-appium/server-args.md
| *Option*            | *Man.* | *Description*     |
| remote_url          | Yes    | Appium server url |
| alias               | no     | alias             |
| strict_ssl          | No     | allows you to send commands to an invalid certificate host like a self-signed one. |</doc>
<msg timestamp="20230724 13:45:45.583" level="FAIL">Variable '${bs_device}' not found.</msg>
<status status="FAIL" starttime="20230724 13:45:45.582" endtime="20230724 13:45:45.583"/>
</kw>
<status status="FAIL" starttime="20230724 13:45:45.582" endtime="20230724 13:45:45.583"/>
</kw>
<status status="FAIL" starttime="20230724 13:45:45.581" endtime="20230724 13:45:45.583"/>
</kw>
<kw name="Close Application" library="AppiumLibrary" type="TEARDOWN">
<doc>Closes the current application and also close webdriver session.</doc>
<kw name="Capture Page Screenshot" library="AppiumLibrary">
<doc>Takes a screenshot of the current page and embeds it into the log.</doc>
<msg timestamp="20230724 13:45:45.585" level="FAIL">No application is open</msg>
<status status="FAIL" starttime="20230724 13:45:45.585" endtime="20230724 13:45:45.586"/>
</kw>
<msg timestamp="20230724 13:45:45.587" level="WARN">Keyword 'Capture Page Screenshot' could not be run on failure: No application is open</msg>
<msg timestamp="20230724 13:45:45.587" level="INFO">Traceback (most recent call last):
    ~~~~~~~~~~~~~~~~~~~~~~~~~~~~~~~~~~~~~~~~~~~~~~~~~~~~~~~~~~~~~~~~~~~~~~~~~~
    File  C:\Users\monsh\PycharmProjects\gitlab\occazio_automation_app\Tests\occazioScripts.robot:6
    T:  Onboarding    
    ~~~~~~~~~~~~~~~~~~~~~~~~~~~~~~~~~~~~~~~~~~~~~~~~~~~~~~~~~~~~~~~~~~~~~~~~~~
    File  C:\Users\monsh\PycharmProjects\gitlab\occazio_automation_app\Tests\occazioScripts.robot:16
      Close Application    
    ~~~~~~~~~~~~~~~~~~~~~~~~~~~~~~~~~~~~~~~~~~~~~~~~~~~~~~~~~~~~~~~~~~~~~~~~~~
    File  C:\Users\monsh\PycharmProjects\gitlab\occazio_automation_app\Tests\occazioScripts.robot:16
      Capture Page Screenshot    
______________________________________________________________________________</msg>
<msg timestamp="20230724 13:45:45.587" level="FAIL">No application is open</msg>
<status status="FAIL" starttime="20230724 13:45:45.583" endtime="20230724 13:45:45.588">No application is open</status>
</kw>
<tag>test_001</tag>
<status status="FAIL" starttime="20230724 13:45:45.581" endtime="20230724 13:45:45.588">Setup failed:
Variable '${bs_device}' not found.

Also teardown failed:
No application is open</status>
</test>
<status status="FAIL" starttime="20230724 13:45:45.563" endtime="20230724 13:45:45.588"/>
</suite>
<status status="FAIL" starttime="20230724 13:45:45.440" endtime="20230724 13:45:45.588"/>
</suite>
<statistics>
<total>
<stat pass="0" fail="1" skip="0">All Tests</stat>
</total>
<tag>
<stat pass="0" fail="1" skip="0">test_001</stat>
</tag>
<suite>
<stat pass="0" fail="1" skip="0" id="s1" name="Tests">Tests</stat>
<stat pass="0" fail="1" skip="0" id="s1-s1" name="occazioScripts">Tests.occazioScripts</stat>
</suite>
</statistics>
<errors>
<msg timestamp="20230724 13:45:45.587" level="WARN">Keyword 'Capture Page Screenshot' could not be run on failure: No application is open</msg>
</errors>
</robot>
